2010.06.01 16:06 B D:\Research\mseR2010_01Jun10_ARK\MatrixSum\MatrixSum_0.24.zip --> rem-main.rem.sfu.ca /HOME2/kronlunda/mseR2010_01Jun10_ARK/MatrixSum MatrixSum_0.24.zip
2010.06.01 16:06 B D:\Research\mseR2010_01Jun10_ARK\MatrixSum\MatrixSum_0.24_R_x86_64-apple-darwin9.8.0.tar.gz --> rem-main.rem.sfu.ca /HOME2/kronlunda/mseR2010_01Jun10_ARK/MatrixSum MatrixSum_0.24_R_x86_64-apple-darwin9.8.0.tar.gz
2010.06.02 11:27 B D:\Research\mseR2010_02Jun10_ARK\MatrixSum\MatrixSum_0.24.zip --> rem-main.rem.sfu.ca /HOME2/kronlunda/mseR2010_02Jun10_ARK/MatrixSum MatrixSum_0.24.zip
2010.06.02 11:27 B D:\Research\mseR2010_02Jun10_ARK\MatrixSum\MatrixSum_0.24_R_x86_64-apple-darwin9.8.0.tar.gz --> rem-main.rem.sfu.ca /HOME2/kronlunda/mseR2010_02Jun10_ARK/MatrixSum MatrixSum_0.24_R_x86_64-apple-darwin9.8.0.tar.gz
2010.06.02 11:27 B D:\Research\mseR2010_02Jun10_ARK\MatrixSum\WS_FTP.LOG --> rem-main.rem.sfu.ca /HOME2/kronlunda/mseR2010_02Jun10_ARK/MatrixSum WS_FTP.LOG
2010.06.03 16:00 B D:\Research\mseR2010_03Jun10_ARK\MatrixSum\MatrixSum_0.24.zip --> rem-main.rem.sfu.ca /HOME2/kronlunda/mseR2010_03Jun10_ARK/MatrixSum MatrixSum_0.24.zip
2010.06.03 16:00 B D:\Research\mseR2010_03Jun10_ARK\MatrixSum\MatrixSum_0.24_R_x86_64-apple-darwin9.8.0.tar.gz --> rem-main.rem.sfu.ca /HOME2/kronlunda/mseR2010_03Jun10_ARK/MatrixSum MatrixSum_0.24_R_x86_64-apple-darwin9.8.0.tar.gz
2010.06.03 16:00 B D:\Research\mseR2010_03Jun10_ARK\MatrixSum\WS_FTP.LOG --> rem-main.rem.sfu.ca /HOME2/kronlunda/mseR2010_03Jun10_ARK/MatrixSum WS_FTP.LOG
2010.08.30 16:23 B D:\Research\mseR2010_30Aug10_ARK\MatrixSum\MatrixSum_0.24.zip --> rem-main.rem.sfu.ca /HOME2/kronlunda/mseR2010_30Aug10_ARK/MatrixSum MatrixSum_0.24.zip
2010.08.30 16:23 B D:\Research\mseR2010_30Aug10_ARK\MatrixSum\MatrixSum_0.24_R_x86_64-apple-darwin9.8.0.tar.gz --> rem-main.rem.sfu.ca /HOME2/kronlunda/mseR2010_30Aug10_ARK/MatrixSum MatrixSum_0.24_R_x86_64-apple-darwin9.8.0.tar.gz
2010.08.30 16:23 B D:\Research\mseR2010_30Aug10_ARK\MatrixSum\WS_FTP.LOG --> rem-main.rem.sfu.ca /HOME2/kronlunda/mseR2010_30Aug10_ARK/MatrixSum WS_FTP.LOG
2010.09.16 15:52 B D:\Research\mseR2010_16Sep10_ARK\MatrixSum\MatrixSum_0.24.zip --> rem-main.rem.sfu.ca /HOME2/kronlunda/mseR2010_16Sep10_ARK/MatrixSum MatrixSum_0.24.zip
2010.09.16 15:52 B D:\Research\mseR2010_16Sep10_ARK\MatrixSum\MatrixSum_0.24_R_x86_64-apple-darwin9.8.0.tar.gz --> rem-main.rem.sfu.ca /HOME2/kronlunda/mseR2010_16Sep10_ARK/MatrixSum MatrixSum_0.24_R_x86_64-apple-darwin9.8.0.tar.gz
2010.09.16 15:52 B D:\Research\mseR2010_16Sep10_ARK\MatrixSum\WS_FTP.LOG --> rem-main.rem.sfu.ca /HOME2/kronlunda/mseR2010_16Sep10_ARK/MatrixSum WS_FTP.LOG
2010.11.12 14:13 B D:\Research\mseR2010_12Nov10_ARK\MatrixSum\MatrixSum_0.24.zip --> rem-main.rem.sfu.ca /HOME2/kronlunda/mseR2010_12Nov10_ARK/MatrixSum MatrixSum_0.24.zip
2010.11.12 14:13 B D:\Research\mseR2010_12Nov10_ARK\MatrixSum\MatrixSum_0.24_R_x86_64-apple-darwin9.8.0.tar.gz --> rem-main.rem.sfu.ca /HOME2/kronlunda/mseR2010_12Nov10_ARK/MatrixSum MatrixSum_0.24_R_x86_64-apple-darwin9.8.0.tar.gz
2010.11.12 14:13 B D:\Research\mseR2010_12Nov10_ARK\MatrixSum\WS_FTP.LOG --> rem-main.rem.sfu.ca /HOME2/kronlunda/mseR2010_12Nov10_ARK/MatrixSum WS_FTP.LOG
2010.11.16 16:44 B D:\Research\mseR2010_15Nov10_ARK\MatrixSum\MatrixSum_0.24.zip --> rem-main.rem.sfu.ca /HOME2/kronlunda/mseR2010_15Nov10_ARK/MatrixSum MatrixSum_0.24.zip
2010.11.16 16:44 B D:\Research\mseR2010_15Nov10_ARK\MatrixSum\MatrixSum_0.24_R_x86_64-apple-darwin9.8.0.tar.gz --> rem-main.rem.sfu.ca /HOME2/kronlunda/mseR2010_15Nov10_ARK/MatrixSum MatrixSum_0.24_R_x86_64-apple-darwin9.8.0.tar.gz
2010.11.25 15:59 B D:\Research\mseR2010_25Nov10_ARK_SetB\MatrixSum\MatrixSum_0.24.zip --> rem-main.rem.sfu.ca /HOME2/kronlunda/mseR2010_25Nov10_ARK_SetB/MatrixSum MatrixSum_0.24.zip
2010.11.25 15:59 B D:\Research\mseR2010_25Nov10_ARK_SetB\MatrixSum\MatrixSum_0.24_R_x86_64-apple-darwin9.8.0.tar.gz --> rem-main.rem.sfu.ca /HOME2/kronlunda/mseR2010_25Nov10_ARK_SetB/MatrixSum MatrixSum_0.24_R_x86_64-apple-darwin9.8.0.tar.gz
2010.11.25 15:59 B D:\Research\mseR2010_25Nov10_ARK_SetB\MatrixSum\WS_FTP.LOG --> rem-main.rem.sfu.ca /HOME2/kronlunda/mseR2010_25Nov10_ARK_SetB/MatrixSum WS_FTP.LOG
2010.12.10 10:20 B D:\Research\mseR2010_010Dec10_SPC\MatrixSum\WS_FTP.LOG <-- SFU /HOME2/kronlunda/mseR2010_010Dec10_SPC/MatrixSum WS_FTP.LOG
