2010.01.18 13:16 B D:\Research\mseR2010\help\mseRabout.txt --> rem-main.rem.sfu.ca /HOME2/kronlunda/mseR2010/help mseRabout.txt
2010.01.18 13:17 B D:\Research\mseR2010\help\mseRguiRefAbout.txt --> rem-main.rem.sfu.ca /HOME2/kronlunda/mseR2010/help mseRguiRefAbout.txt
2010.01.19 16:07 B D:\Research\mseR2010\help\mseRguiRefAbout.txt --> rem-main.rem.sfu.ca /HOME2/kronlunda/mseR2010/help mseRguiRefAbout.txt
2010.04.14 12:36 B D:\Research\mseR2010\help\mseRabout.txt --> rem-main.rem.sfu.ca /HOME2/kronlunda/mseR2010/help mseRabout.txt
2010.04.14 12:36 B D:\Research\mseR2010\help\mseRguiRefAbout.txt --> rem-main.rem.sfu.ca /HOME2/kronlunda/mseR2010/help mseRguiRefAbout.txt
2010.04.14 12:36 B D:\Research\mseR2010\help\WS_FTP.LOG --> rem-main.rem.sfu.ca /HOME2/kronlunda/mseR2010/help WS_FTP.LOG
2010.06.01 15:57 B D:\Research\mseR2010_01Jun10_ARK\help\mseRabout.txt --> rem-main.rem.sfu.ca /HOME2/kronlunda/mseR2010_01Jun10_ARK/help mseRabout.txt
2010.06.01 15:57 B D:\Research\mseR2010_01Jun10_ARK\help\mseRguiRefAbout.txt --> rem-main.rem.sfu.ca /HOME2/kronlunda/mseR2010_01Jun10_ARK/help mseRguiRefAbout.txt
2010.06.01 15:57 B D:\Research\mseR2010_01Jun10_ARK\help\WS_FTP.LOG --> rem-main.rem.sfu.ca /HOME2/kronlunda/mseR2010_01Jun10_ARK/help WS_FTP.LOG
2010.06.02 11:27 B D:\Research\mseR2010_02Jun10_ARK\help\mseRabout.txt --> rem-main.rem.sfu.ca /HOME2/kronlunda/mseR2010_02Jun10_ARK/help mseRabout.txt
2010.06.02 11:27 B D:\Research\mseR2010_02Jun10_ARK\help\mseRguiRefAbout.txt --> rem-main.rem.sfu.ca /HOME2/kronlunda/mseR2010_02Jun10_ARK/help mseRguiRefAbout.txt
2010.06.02 11:27 B D:\Research\mseR2010_02Jun10_ARK\help\WS_FTP.LOG --> rem-main.rem.sfu.ca /HOME2/kronlunda/mseR2010_02Jun10_ARK/help WS_FTP.LOG
2010.06.03 16:00 B D:\Research\mseR2010_03Jun10_ARK\help\mseRabout.txt --> rem-main.rem.sfu.ca /HOME2/kronlunda/mseR2010_03Jun10_ARK/help mseRabout.txt
2010.06.03 16:00 B D:\Research\mseR2010_03Jun10_ARK\help\mseRguiRefAbout.txt --> rem-main.rem.sfu.ca /HOME2/kronlunda/mseR2010_03Jun10_ARK/help mseRguiRefAbout.txt
2010.06.03 16:00 B D:\Research\mseR2010_03Jun10_ARK\help\WS_FTP.LOG --> rem-main.rem.sfu.ca /HOME2/kronlunda/mseR2010_03Jun10_ARK/help WS_FTP.LOG
2010.08.30 16:23 B D:\Research\mseR2010_30Aug10_ARK\help\mseRabout.txt --> rem-main.rem.sfu.ca /HOME2/kronlunda/mseR2010_30Aug10_ARK/help mseRabout.txt
2010.08.30 16:23 B D:\Research\mseR2010_30Aug10_ARK\help\mseRguiRefAbout.txt --> rem-main.rem.sfu.ca /HOME2/kronlunda/mseR2010_30Aug10_ARK/help mseRguiRefAbout.txt
2010.08.30 16:23 B D:\Research\mseR2010_30Aug10_ARK\help\WS_FTP.LOG --> rem-main.rem.sfu.ca /HOME2/kronlunda/mseR2010_30Aug10_ARK/help WS_FTP.LOG
2010.09.16 15:52 B D:\Research\mseR2010_16Sep10_ARK\help\mseRabout.txt --> rem-main.rem.sfu.ca /HOME2/kronlunda/mseR2010_16Sep10_ARK/help mseRabout.txt
2010.09.16 15:52 B D:\Research\mseR2010_16Sep10_ARK\help\mseRguiRefAbout.txt --> rem-main.rem.sfu.ca /HOME2/kronlunda/mseR2010_16Sep10_ARK/help mseRguiRefAbout.txt
2010.09.16 15:52 B D:\Research\mseR2010_16Sep10_ARK\help\WS_FTP.LOG --> rem-main.rem.sfu.ca /HOME2/kronlunda/mseR2010_16Sep10_ARK/help WS_FTP.LOG
2010.11.12 14:13 B D:\Research\mseR2010_12Nov10_ARK\help\mseRabout.txt --> rem-main.rem.sfu.ca /HOME2/kronlunda/mseR2010_12Nov10_ARK/help mseRabout.txt
2010.11.12 14:13 B D:\Research\mseR2010_12Nov10_ARK\help\mseRguiRefAbout.txt --> rem-main.rem.sfu.ca /HOME2/kronlunda/mseR2010_12Nov10_ARK/help mseRguiRefAbout.txt
2010.11.12 14:13 B D:\Research\mseR2010_12Nov10_ARK\help\WS_FTP.LOG --> rem-main.rem.sfu.ca /HOME2/kronlunda/mseR2010_12Nov10_ARK/help WS_FTP.LOG
2010.11.16 16:44 B D:\Research\mseR2010_15Nov10_ARK\help\mseRabout.txt --> rem-main.rem.sfu.ca /HOME2/kronlunda/mseR2010_15Nov10_ARK/help mseRabout.txt
2010.11.16 16:44 B D:\Research\mseR2010_15Nov10_ARK\help\mseRguiRefAbout.txt --> rem-main.rem.sfu.ca /HOME2/kronlunda/mseR2010_15Nov10_ARK/help mseRguiRefAbout.txt
2010.11.25 15:59 B D:\Research\mseR2010_25Nov10_ARK_SetB\help\mseRabout.txt --> rem-main.rem.sfu.ca /HOME2/kronlunda/mseR2010_25Nov10_ARK_SetB/help mseRabout.txt
2010.11.25 15:59 B D:\Research\mseR2010_25Nov10_ARK_SetB\help\mseRguiRefAbout.txt --> rem-main.rem.sfu.ca /HOME2/kronlunda/mseR2010_25Nov10_ARK_SetB/help mseRguiRefAbout.txt
2010.11.25 15:59 B D:\Research\mseR2010_25Nov10_ARK_SetB\help\WS_FTP.LOG --> rem-main.rem.sfu.ca /HOME2/kronlunda/mseR2010_25Nov10_ARK_SetB/help WS_FTP.LOG
2010.12.10 10:19 B D:\Research\mseR2010_010Dec10_SPC\help\WS_FTP.LOG <-- SFU /HOME2/kronlunda/mseR2010_010Dec10_SPC/help WS_FTP.LOG
