2010.01.18 13:17 B D:\Research\mseR2010\temp\mseRabout.txt --> rem-main.rem.sfu.ca /HOME2/kronlunda/mseR2010/temp mseRabout.txt
2010.01.18 13:17 B D:\Research\mseR2010\temp\mseRguiModWin.txt --> rem-main.rem.sfu.ca /HOME2/kronlunda/mseR2010/temp mseRguiModWin.txt
2010.01.18 13:17 B D:\Research\mseR2010\temp\mseRguiRefAbout.txt --> rem-main.rem.sfu.ca /HOME2/kronlunda/mseR2010/temp mseRguiRefAbout.txt
2010.01.18 13:17 B D:\Research\mseR2010\temp\mseRguiRefWin.txt --> rem-main.rem.sfu.ca /HOME2/kronlunda/mseR2010/temp mseRguiRefWin.txt
2010.01.18 13:17 B D:\Research\mseR2010\temp\mseRMod.r --> rem-main.rem.sfu.ca /HOME2/kronlunda/mseR2010/temp mseRMod.r
2010.01.19 16:07 B D:\Research\mseR2010\temp\mseRguiRefAbout.txt --> rem-main.rem.sfu.ca /HOME2/kronlunda/mseR2010/temp mseRguiRefAbout.txt
2010.01.19 16:07 B D:\Research\mseR2010\temp\mseRguiRefWin.txt --> rem-main.rem.sfu.ca /HOME2/kronlunda/mseR2010/temp mseRguiRefWin.txt
2010.04.14 12:36 B D:\Research\mseR2010\temp\mseRabout.txt --> rem-main.rem.sfu.ca /HOME2/kronlunda/mseR2010/temp mseRabout.txt
2010.04.14 12:36 B D:\Research\mseR2010\temp\mseRgui.r --> rem-main.rem.sfu.ca /HOME2/kronlunda/mseR2010/temp mseRgui.r
2010.04.14 12:36 B D:\Research\mseR2010\temp\mseRguiModWin.txt --> rem-main.rem.sfu.ca /HOME2/kronlunda/mseR2010/temp mseRguiModWin.txt
2010.04.14 12:37 B D:\Research\mseR2010\temp\mseRguiOpModWin.txt --> rem-main.rem.sfu.ca /HOME2/kronlunda/mseR2010/temp mseRguiOpModWin.txt
2010.04.14 12:37 B D:\Research\mseR2010\temp\mseRguiPerfWin.txt --> rem-main.rem.sfu.ca /HOME2/kronlunda/mseR2010/temp mseRguiPerfWin.txt
2010.04.14 12:37 B D:\Research\mseR2010\temp\mseRguiRefWin.txt --> rem-main.rem.sfu.ca /HOME2/kronlunda/mseR2010/temp mseRguiRefWin.txt
2010.04.14 12:37 B D:\Research\mseR2010\temp\mseRguiSimWin.txt --> rem-main.rem.sfu.ca /HOME2/kronlunda/mseR2010/temp mseRguiSimWin.txt
2010.04.14 12:37 B D:\Research\mseR2010\temp\mseRguiViewWin.txt --> rem-main.rem.sfu.ca /HOME2/kronlunda/mseR2010/temp mseRguiViewWin.txt
2010.04.14 12:37 B D:\Research\mseR2010\temp\mseRguiWin.txt --> rem-main.rem.sfu.ca /HOME2/kronlunda/mseR2010/temp mseRguiWin.txt
2010.04.14 12:37 B D:\Research\mseR2010\temp\mseRMod.r --> rem-main.rem.sfu.ca /HOME2/kronlunda/mseR2010/temp mseRMod.r
2010.04.14 12:37 B D:\Research\mseR2010\temp\mseRopMod.r --> rem-main.rem.sfu.ca /HOME2/kronlunda/mseR2010/temp mseRopMod.r
2010.04.14 12:37 B D:\Research\mseR2010\temp\mseRperf.r --> rem-main.rem.sfu.ca /HOME2/kronlunda/mseR2010/temp mseRperf.r
2010.04.14 12:38 B D:\Research\mseR2010\temp\mseRsim.r --> rem-main.rem.sfu.ca /HOME2/kronlunda/mseR2010/temp mseRsim.r
2010.04.14 12:38 B D:\Research\mseR2010\temp\mseRview.r --> rem-main.rem.sfu.ca /HOME2/kronlunda/mseR2010/temp mseRview.r
2010.04.14 12:38 B D:\Research\mseR2010\temp\WS_FTP.LOG --> rem-main.rem.sfu.ca /HOME2/kronlunda/mseR2010/temp WS_FTP.LOG
2010.06.01 15:57 B D:\Research\mseR2010_01Jun10_ARK\temp\mseRabout.txt --> rem-main.rem.sfu.ca /HOME2/kronlunda/mseR2010_01Jun10_ARK/temp mseRabout.txt
2010.06.01 15:57 B D:\Research\mseR2010_01Jun10_ARK\temp\mseRgui.r --> rem-main.rem.sfu.ca /HOME2/kronlunda/mseR2010_01Jun10_ARK/temp mseRgui.r
2010.06.01 15:57 B D:\Research\mseR2010_01Jun10_ARK\temp\mseRguiModWin.txt --> rem-main.rem.sfu.ca /HOME2/kronlunda/mseR2010_01Jun10_ARK/temp mseRguiModWin.txt
2010.06.01 15:57 B D:\Research\mseR2010_01Jun10_ARK\temp\mseRguiOpModWin.txt --> rem-main.rem.sfu.ca /HOME2/kronlunda/mseR2010_01Jun10_ARK/temp mseRguiOpModWin.txt
2010.06.01 15:57 B D:\Research\mseR2010_01Jun10_ARK\temp\mseRguiPerfWin.txt --> rem-main.rem.sfu.ca /HOME2/kronlunda/mseR2010_01Jun10_ARK/temp mseRguiPerfWin.txt
2010.06.01 15:57 B D:\Research\mseR2010_01Jun10_ARK\temp\mseRguiRefWin.txt --> rem-main.rem.sfu.ca /HOME2/kronlunda/mseR2010_01Jun10_ARK/temp mseRguiRefWin.txt
2010.06.01 15:57 B D:\Research\mseR2010_01Jun10_ARK\temp\mseRguiSimWin.txt --> rem-main.rem.sfu.ca /HOME2/kronlunda/mseR2010_01Jun10_ARK/temp mseRguiSimWin.txt
2010.06.01 15:57 B D:\Research\mseR2010_01Jun10_ARK\temp\mseRguiViewWin.txt --> rem-main.rem.sfu.ca /HOME2/kronlunda/mseR2010_01Jun10_ARK/temp mseRguiViewWin.txt
2010.06.01 15:57 B D:\Research\mseR2010_01Jun10_ARK\temp\mseRguiWin.txt --> rem-main.rem.sfu.ca /HOME2/kronlunda/mseR2010_01Jun10_ARK/temp mseRguiWin.txt
2010.06.01 15:57 B D:\Research\mseR2010_01Jun10_ARK\temp\mseRMod.r --> rem-main.rem.sfu.ca /HOME2/kronlunda/mseR2010_01Jun10_ARK/temp mseRMod.r
2010.06.01 15:57 B D:\Research\mseR2010_01Jun10_ARK\temp\mseRopMod.r --> rem-main.rem.sfu.ca /HOME2/kronlunda/mseR2010_01Jun10_ARK/temp mseRopMod.r
2010.06.01 15:57 B D:\Research\mseR2010_01Jun10_ARK\temp\mseRperf.r --> rem-main.rem.sfu.ca /HOME2/kronlunda/mseR2010_01Jun10_ARK/temp mseRperf.r
2010.06.01 15:58 B D:\Research\mseR2010_01Jun10_ARK\temp\mseRrefPoints.r --> rem-main.rem.sfu.ca /HOME2/kronlunda/mseR2010_01Jun10_ARK/temp mseRrefPoints.r
2010.06.01 15:58 B D:\Research\mseR2010_01Jun10_ARK\temp\mseRsim.r --> rem-main.rem.sfu.ca /HOME2/kronlunda/mseR2010_01Jun10_ARK/temp mseRsim.r
2010.06.01 15:58 B D:\Research\mseR2010_01Jun10_ARK\temp\mseRview.r --> rem-main.rem.sfu.ca /HOME2/kronlunda/mseR2010_01Jun10_ARK/temp mseRview.r
2010.06.01 15:58 B D:\Research\mseR2010_01Jun10_ARK\temp\WS_FTP.LOG --> rem-main.rem.sfu.ca /HOME2/kronlunda/mseR2010_01Jun10_ARK/temp WS_FTP.LOG
2010.06.02 11:27 B D:\Research\mseR2010_02Jun10_ARK\temp\mseRabout.txt --> rem-main.rem.sfu.ca /HOME2/kronlunda/mseR2010_02Jun10_ARK/temp mseRabout.txt
2010.06.02 11:27 B D:\Research\mseR2010_02Jun10_ARK\temp\mseRgui.r --> rem-main.rem.sfu.ca /HOME2/kronlunda/mseR2010_02Jun10_ARK/temp mseRgui.r
2010.06.02 11:27 B D:\Research\mseR2010_02Jun10_ARK\temp\mseRguiModWin.txt --> rem-main.rem.sfu.ca /HOME2/kronlunda/mseR2010_02Jun10_ARK/temp mseRguiModWin.txt
2010.06.02 11:27 B D:\Research\mseR2010_02Jun10_ARK\temp\mseRguiOpModWin.txt --> rem-main.rem.sfu.ca /HOME2/kronlunda/mseR2010_02Jun10_ARK/temp mseRguiOpModWin.txt
2010.06.02 11:27 B D:\Research\mseR2010_02Jun10_ARK\temp\mseRguiPerfWin.txt --> rem-main.rem.sfu.ca /HOME2/kronlunda/mseR2010_02Jun10_ARK/temp mseRguiPerfWin.txt
2010.06.02 11:27 B D:\Research\mseR2010_02Jun10_ARK\temp\mseRguiRefWin.txt --> rem-main.rem.sfu.ca /HOME2/kronlunda/mseR2010_02Jun10_ARK/temp mseRguiRefWin.txt
2010.06.02 11:27 B D:\Research\mseR2010_02Jun10_ARK\temp\mseRguiSimWin.txt --> rem-main.rem.sfu.ca /HOME2/kronlunda/mseR2010_02Jun10_ARK/temp mseRguiSimWin.txt
2010.06.02 11:27 B D:\Research\mseR2010_02Jun10_ARK\temp\mseRguiViewWin.txt --> rem-main.rem.sfu.ca /HOME2/kronlunda/mseR2010_02Jun10_ARK/temp mseRguiViewWin.txt
2010.06.02 11:27 B D:\Research\mseR2010_02Jun10_ARK\temp\mseRguiWin.txt --> rem-main.rem.sfu.ca /HOME2/kronlunda/mseR2010_02Jun10_ARK/temp mseRguiWin.txt
2010.06.02 11:28 B D:\Research\mseR2010_02Jun10_ARK\temp\mseRMod.r --> rem-main.rem.sfu.ca /HOME2/kronlunda/mseR2010_02Jun10_ARK/temp mseRMod.r
2010.06.02 11:28 B D:\Research\mseR2010_02Jun10_ARK\temp\mseRopMod.r --> rem-main.rem.sfu.ca /HOME2/kronlunda/mseR2010_02Jun10_ARK/temp mseRopMod.r
2010.06.02 11:28 B D:\Research\mseR2010_02Jun10_ARK\temp\mseRperf.r --> rem-main.rem.sfu.ca /HOME2/kronlunda/mseR2010_02Jun10_ARK/temp mseRperf.r
2010.06.02 11:28 B D:\Research\mseR2010_02Jun10_ARK\temp\mseRrefPoints.r --> rem-main.rem.sfu.ca /HOME2/kronlunda/mseR2010_02Jun10_ARK/temp mseRrefPoints.r
2010.06.02 11:28 B D:\Research\mseR2010_02Jun10_ARK\temp\mseRsim.r --> rem-main.rem.sfu.ca /HOME2/kronlunda/mseR2010_02Jun10_ARK/temp mseRsim.r
2010.06.02 11:28 B D:\Research\mseR2010_02Jun10_ARK\temp\mseRview.r --> rem-main.rem.sfu.ca /HOME2/kronlunda/mseR2010_02Jun10_ARK/temp mseRview.r
2010.06.02 11:28 B D:\Research\mseR2010_02Jun10_ARK\temp\WS_FTP.LOG --> rem-main.rem.sfu.ca /HOME2/kronlunda/mseR2010_02Jun10_ARK/temp WS_FTP.LOG
2010.06.03 16:00 B D:\Research\mseR2010_03Jun10_ARK\temp\mseRabout.txt --> rem-main.rem.sfu.ca /HOME2/kronlunda/mseR2010_03Jun10_ARK/temp mseRabout.txt
2010.06.03 16:00 B D:\Research\mseR2010_03Jun10_ARK\temp\mseRgui.r --> rem-main.rem.sfu.ca /HOME2/kronlunda/mseR2010_03Jun10_ARK/temp mseRgui.r
2010.06.03 16:00 B D:\Research\mseR2010_03Jun10_ARK\temp\mseRguiModWin.txt --> rem-main.rem.sfu.ca /HOME2/kronlunda/mseR2010_03Jun10_ARK/temp mseRguiModWin.txt
2010.06.03 16:00 B D:\Research\mseR2010_03Jun10_ARK\temp\mseRguiOpModWin.txt --> rem-main.rem.sfu.ca /HOME2/kronlunda/mseR2010_03Jun10_ARK/temp mseRguiOpModWin.txt
2010.06.03 16:00 B D:\Research\mseR2010_03Jun10_ARK\temp\mseRguiPerfWin.txt --> rem-main.rem.sfu.ca /HOME2/kronlunda/mseR2010_03Jun10_ARK/temp mseRguiPerfWin.txt
2010.06.03 16:00 B D:\Research\mseR2010_03Jun10_ARK\temp\mseRguiRefWin.txt --> rem-main.rem.sfu.ca /HOME2/kronlunda/mseR2010_03Jun10_ARK/temp mseRguiRefWin.txt
2010.06.03 16:00 B D:\Research\mseR2010_03Jun10_ARK\temp\mseRguiSimWin.txt --> rem-main.rem.sfu.ca /HOME2/kronlunda/mseR2010_03Jun10_ARK/temp mseRguiSimWin.txt
2010.06.03 16:00 B D:\Research\mseR2010_03Jun10_ARK\temp\mseRguiViewWin.txt --> rem-main.rem.sfu.ca /HOME2/kronlunda/mseR2010_03Jun10_ARK/temp mseRguiViewWin.txt
2010.06.03 16:00 B D:\Research\mseR2010_03Jun10_ARK\temp\mseRguiWin.txt --> rem-main.rem.sfu.ca /HOME2/kronlunda/mseR2010_03Jun10_ARK/temp mseRguiWin.txt
2010.06.03 16:00 B D:\Research\mseR2010_03Jun10_ARK\temp\mseRMod.r --> rem-main.rem.sfu.ca /HOME2/kronlunda/mseR2010_03Jun10_ARK/temp mseRMod.r
2010.06.03 16:00 B D:\Research\mseR2010_03Jun10_ARK\temp\mseRopMod.r --> rem-main.rem.sfu.ca /HOME2/kronlunda/mseR2010_03Jun10_ARK/temp mseRopMod.r
2010.06.03 16:00 B D:\Research\mseR2010_03Jun10_ARK\temp\mseRperf.r --> rem-main.rem.sfu.ca /HOME2/kronlunda/mseR2010_03Jun10_ARK/temp mseRperf.r
2010.06.03 16:00 B D:\Research\mseR2010_03Jun10_ARK\temp\mseRrefPoints.r --> rem-main.rem.sfu.ca /HOME2/kronlunda/mseR2010_03Jun10_ARK/temp mseRrefPoints.r
2010.06.03 16:00 B D:\Research\mseR2010_03Jun10_ARK\temp\mseRsim.r --> rem-main.rem.sfu.ca /HOME2/kronlunda/mseR2010_03Jun10_ARK/temp mseRsim.r
2010.06.03 16:01 B D:\Research\mseR2010_03Jun10_ARK\temp\mseRview.r --> rem-main.rem.sfu.ca /HOME2/kronlunda/mseR2010_03Jun10_ARK/temp mseRview.r
2010.06.03 16:01 B D:\Research\mseR2010_03Jun10_ARK\temp\WS_FTP.LOG --> rem-main.rem.sfu.ca /HOME2/kronlunda/mseR2010_03Jun10_ARK/temp WS_FTP.LOG
2010.08.30 16:24 B D:\Research\mseR2010_30Aug10_ARK\temp\mseRabout.txt --> rem-main.rem.sfu.ca /HOME2/kronlunda/mseR2010_30Aug10_ARK/temp mseRabout.txt
2010.08.30 16:24 B D:\Research\mseR2010_30Aug10_ARK\temp\mseRgui.r --> rem-main.rem.sfu.ca /HOME2/kronlunda/mseR2010_30Aug10_ARK/temp mseRgui.r
2010.08.30 16:24 B D:\Research\mseR2010_30Aug10_ARK\temp\mseRguiModWin.txt --> rem-main.rem.sfu.ca /HOME2/kronlunda/mseR2010_30Aug10_ARK/temp mseRguiModWin.txt
2010.08.30 16:24 B D:\Research\mseR2010_30Aug10_ARK\temp\mseRguiOpModWin.txt --> rem-main.rem.sfu.ca /HOME2/kronlunda/mseR2010_30Aug10_ARK/temp mseRguiOpModWin.txt
2010.08.30 16:24 B D:\Research\mseR2010_30Aug10_ARK\temp\mseRguiPerfWin.txt --> rem-main.rem.sfu.ca /HOME2/kronlunda/mseR2010_30Aug10_ARK/temp mseRguiPerfWin.txt
2010.08.30 16:24 B D:\Research\mseR2010_30Aug10_ARK\temp\mseRguiRefWin.txt --> rem-main.rem.sfu.ca /HOME2/kronlunda/mseR2010_30Aug10_ARK/temp mseRguiRefWin.txt
2010.08.30 16:24 B D:\Research\mseR2010_30Aug10_ARK\temp\mseRguiSimWin.txt --> rem-main.rem.sfu.ca /HOME2/kronlunda/mseR2010_30Aug10_ARK/temp mseRguiSimWin.txt
2010.08.30 16:24 B D:\Research\mseR2010_30Aug10_ARK\temp\mseRguiViewWin.txt --> rem-main.rem.sfu.ca /HOME2/kronlunda/mseR2010_30Aug10_ARK/temp mseRguiViewWin.txt
2010.08.30 16:24 B D:\Research\mseR2010_30Aug10_ARK\temp\mseRguiWin.txt --> rem-main.rem.sfu.ca /HOME2/kronlunda/mseR2010_30Aug10_ARK/temp mseRguiWin.txt
2010.08.30 16:24 B D:\Research\mseR2010_30Aug10_ARK\temp\mseRMod.r --> rem-main.rem.sfu.ca /HOME2/kronlunda/mseR2010_30Aug10_ARK/temp mseRMod.r
2010.08.30 16:25 B D:\Research\mseR2010_30Aug10_ARK\temp\mseRopMod.r --> rem-main.rem.sfu.ca /HOME2/kronlunda/mseR2010_30Aug10_ARK/temp mseRopMod.r
2010.08.30 16:25 B D:\Research\mseR2010_30Aug10_ARK\temp\mseRperf.r --> rem-main.rem.sfu.ca /HOME2/kronlunda/mseR2010_30Aug10_ARK/temp mseRperf.r
2010.08.30 16:25 B D:\Research\mseR2010_30Aug10_ARK\temp\mseRrefPoints.r --> rem-main.rem.sfu.ca /HOME2/kronlunda/mseR2010_30Aug10_ARK/temp mseRrefPoints.r
2010.08.30 16:25 B D:\Research\mseR2010_30Aug10_ARK\temp\mseRsim.r --> rem-main.rem.sfu.ca /HOME2/kronlunda/mseR2010_30Aug10_ARK/temp mseRsim.r
2010.08.30 16:25 B D:\Research\mseR2010_30Aug10_ARK\temp\mseRview.r --> rem-main.rem.sfu.ca /HOME2/kronlunda/mseR2010_30Aug10_ARK/temp mseRview.r
2010.08.30 16:25 B D:\Research\mseR2010_30Aug10_ARK\temp\WS_FTP.LOG --> rem-main.rem.sfu.ca /HOME2/kronlunda/mseR2010_30Aug10_ARK/temp WS_FTP.LOG
2010.09.16 15:53 B D:\Research\mseR2010_16Sep10_ARK\temp\mseRabout.txt --> rem-main.rem.sfu.ca /HOME2/kronlunda/mseR2010_16Sep10_ARK/temp mseRabout.txt
2010.09.16 15:53 B D:\Research\mseR2010_16Sep10_ARK\temp\mseRgui.r --> rem-main.rem.sfu.ca /HOME2/kronlunda/mseR2010_16Sep10_ARK/temp mseRgui.r
2010.09.16 15:53 B D:\Research\mseR2010_16Sep10_ARK\temp\mseRguiModWin.txt --> rem-main.rem.sfu.ca /HOME2/kronlunda/mseR2010_16Sep10_ARK/temp mseRguiModWin.txt
2010.09.16 15:53 B D:\Research\mseR2010_16Sep10_ARK\temp\mseRguiOpModWin.txt --> rem-main.rem.sfu.ca /HOME2/kronlunda/mseR2010_16Sep10_ARK/temp mseRguiOpModWin.txt
2010.09.16 15:53 B D:\Research\mseR2010_16Sep10_ARK\temp\mseRguiPerfWin.txt --> rem-main.rem.sfu.ca /HOME2/kronlunda/mseR2010_16Sep10_ARK/temp mseRguiPerfWin.txt
2010.09.16 15:53 B D:\Research\mseR2010_16Sep10_ARK\temp\mseRguiRefWin.txt --> rem-main.rem.sfu.ca /HOME2/kronlunda/mseR2010_16Sep10_ARK/temp mseRguiRefWin.txt
2010.09.16 15:53 B D:\Research\mseR2010_16Sep10_ARK\temp\mseRguiSimWin.txt --> rem-main.rem.sfu.ca /HOME2/kronlunda/mseR2010_16Sep10_ARK/temp mseRguiSimWin.txt
2010.09.16 15:53 B D:\Research\mseR2010_16Sep10_ARK\temp\mseRguiViewWin.txt --> rem-main.rem.sfu.ca /HOME2/kronlunda/mseR2010_16Sep10_ARK/temp mseRguiViewWin.txt
2010.09.16 15:53 B D:\Research\mseR2010_16Sep10_ARK\temp\mseRguiWin.txt --> rem-main.rem.sfu.ca /HOME2/kronlunda/mseR2010_16Sep10_ARK/temp mseRguiWin.txt
2010.09.16 15:53 B D:\Research\mseR2010_16Sep10_ARK\temp\mseRMod.r --> rem-main.rem.sfu.ca /HOME2/kronlunda/mseR2010_16Sep10_ARK/temp mseRMod.r
2010.09.16 15:53 B D:\Research\mseR2010_16Sep10_ARK\temp\mseRopMod.r --> rem-main.rem.sfu.ca /HOME2/kronlunda/mseR2010_16Sep10_ARK/temp mseRopMod.r
2010.09.16 15:53 B D:\Research\mseR2010_16Sep10_ARK\temp\mseRperf.r --> rem-main.rem.sfu.ca /HOME2/kronlunda/mseR2010_16Sep10_ARK/temp mseRperf.r
2010.09.16 15:53 B D:\Research\mseR2010_16Sep10_ARK\temp\mseRrefPoints.r --> rem-main.rem.sfu.ca /HOME2/kronlunda/mseR2010_16Sep10_ARK/temp mseRrefPoints.r
2010.09.16 15:53 B D:\Research\mseR2010_16Sep10_ARK\temp\mseRsim.r --> rem-main.rem.sfu.ca /HOME2/kronlunda/mseR2010_16Sep10_ARK/temp mseRsim.r
2010.09.16 15:53 B D:\Research\mseR2010_16Sep10_ARK\temp\mseRview.r --> rem-main.rem.sfu.ca /HOME2/kronlunda/mseR2010_16Sep10_ARK/temp mseRview.r
2010.09.16 15:53 B D:\Research\mseR2010_16Sep10_ARK\temp\WS_FTP.LOG --> rem-main.rem.sfu.ca /HOME2/kronlunda/mseR2010_16Sep10_ARK/temp WS_FTP.LOG
2010.11.12 14:14 B D:\Research\mseR2010_12Nov10_ARK\temp\mseRabout.txt --> rem-main.rem.sfu.ca /HOME2/kronlunda/mseR2010_12Nov10_ARK/temp mseRabout.txt
2010.11.12 14:14 B D:\Research\mseR2010_12Nov10_ARK\temp\mseRgui.r --> rem-main.rem.sfu.ca /HOME2/kronlunda/mseR2010_12Nov10_ARK/temp mseRgui.r
2010.11.12 14:14 B D:\Research\mseR2010_12Nov10_ARK\temp\mseRguiModWin.txt --> rem-main.rem.sfu.ca /HOME2/kronlunda/mseR2010_12Nov10_ARK/temp mseRguiModWin.txt
2010.11.12 14:14 B D:\Research\mseR2010_12Nov10_ARK\temp\mseRguiOpModWin.txt --> rem-main.rem.sfu.ca /HOME2/kronlunda/mseR2010_12Nov10_ARK/temp mseRguiOpModWin.txt
2010.11.12 14:14 B D:\Research\mseR2010_12Nov10_ARK\temp\mseRguiPerfWin.txt --> rem-main.rem.sfu.ca /HOME2/kronlunda/mseR2010_12Nov10_ARK/temp mseRguiPerfWin.txt
2010.11.12 14:14 B D:\Research\mseR2010_12Nov10_ARK\temp\mseRguiRefWin.txt --> rem-main.rem.sfu.ca /HOME2/kronlunda/mseR2010_12Nov10_ARK/temp mseRguiRefWin.txt
2010.11.12 14:14 B D:\Research\mseR2010_12Nov10_ARK\temp\mseRguiSimWin.txt --> rem-main.rem.sfu.ca /HOME2/kronlunda/mseR2010_12Nov10_ARK/temp mseRguiSimWin.txt
2010.11.12 14:14 B D:\Research\mseR2010_12Nov10_ARK\temp\mseRguiViewWin.txt --> rem-main.rem.sfu.ca /HOME2/kronlunda/mseR2010_12Nov10_ARK/temp mseRguiViewWin.txt
2010.11.12 14:14 B D:\Research\mseR2010_12Nov10_ARK\temp\mseRguiWin.txt --> rem-main.rem.sfu.ca /HOME2/kronlunda/mseR2010_12Nov10_ARK/temp mseRguiWin.txt
2010.11.12 14:14 B D:\Research\mseR2010_12Nov10_ARK\temp\mseRMod.r --> rem-main.rem.sfu.ca /HOME2/kronlunda/mseR2010_12Nov10_ARK/temp mseRMod.r
2010.11.12 14:14 B D:\Research\mseR2010_12Nov10_ARK\temp\mseRopMod.r --> rem-main.rem.sfu.ca /HOME2/kronlunda/mseR2010_12Nov10_ARK/temp mseRopMod.r
2010.11.12 14:14 B D:\Research\mseR2010_12Nov10_ARK\temp\mseRperf.r --> rem-main.rem.sfu.ca /HOME2/kronlunda/mseR2010_12Nov10_ARK/temp mseRperf.r
2010.11.12 14:14 B D:\Research\mseR2010_12Nov10_ARK\temp\mseRrefPoints.r --> rem-main.rem.sfu.ca /HOME2/kronlunda/mseR2010_12Nov10_ARK/temp mseRrefPoints.r
2010.11.12 14:14 B D:\Research\mseR2010_12Nov10_ARK\temp\mseRsim.r --> rem-main.rem.sfu.ca /HOME2/kronlunda/mseR2010_12Nov10_ARK/temp mseRsim.r
2010.11.12 14:14 B D:\Research\mseR2010_12Nov10_ARK\temp\mseRview.r --> rem-main.rem.sfu.ca /HOME2/kronlunda/mseR2010_12Nov10_ARK/temp mseRview.r
2010.11.12 14:14 B D:\Research\mseR2010_12Nov10_ARK\temp\WS_FTP.LOG --> rem-main.rem.sfu.ca /HOME2/kronlunda/mseR2010_12Nov10_ARK/temp WS_FTP.LOG
2010.11.16 16:45 B D:\Research\mseR2010_15Nov10_ARK\temp\mseRabout.txt --> rem-main.rem.sfu.ca /HOME2/kronlunda/mseR2010_15Nov10_ARK/temp mseRabout.txt
2010.11.16 16:45 B D:\Research\mseR2010_15Nov10_ARK\temp\mseRgui.r --> rem-main.rem.sfu.ca /HOME2/kronlunda/mseR2010_15Nov10_ARK/temp mseRgui.r
2010.11.16 16:45 B D:\Research\mseR2010_15Nov10_ARK\temp\mseRguiModWin.txt --> rem-main.rem.sfu.ca /HOME2/kronlunda/mseR2010_15Nov10_ARK/temp mseRguiModWin.txt
2010.11.16 16:45 B D:\Research\mseR2010_15Nov10_ARK\temp\mseRguiOpModWin.txt --> rem-main.rem.sfu.ca /HOME2/kronlunda/mseR2010_15Nov10_ARK/temp mseRguiOpModWin.txt
2010.11.16 16:45 B D:\Research\mseR2010_15Nov10_ARK\temp\mseRguiPerfWin.txt --> rem-main.rem.sfu.ca /HOME2/kronlunda/mseR2010_15Nov10_ARK/temp mseRguiPerfWin.txt
2010.11.16 16:45 B D:\Research\mseR2010_15Nov10_ARK\temp\mseRguiRefWin.txt --> rem-main.rem.sfu.ca /HOME2/kronlunda/mseR2010_15Nov10_ARK/temp mseRguiRefWin.txt
2010.11.16 16:45 B D:\Research\mseR2010_15Nov10_ARK\temp\mseRguiSimWin.txt --> rem-main.rem.sfu.ca /HOME2/kronlunda/mseR2010_15Nov10_ARK/temp mseRguiSimWin.txt
2010.11.16 16:45 B D:\Research\mseR2010_15Nov10_ARK\temp\mseRguiViewWin.txt --> rem-main.rem.sfu.ca /HOME2/kronlunda/mseR2010_15Nov10_ARK/temp mseRguiViewWin.txt
2010.11.16 16:45 B D:\Research\mseR2010_15Nov10_ARK\temp\mseRguiWin.txt --> rem-main.rem.sfu.ca /HOME2/kronlunda/mseR2010_15Nov10_ARK/temp mseRguiWin.txt
2010.11.16 16:45 B D:\Research\mseR2010_15Nov10_ARK\temp\mseRMod.r --> rem-main.rem.sfu.ca /HOME2/kronlunda/mseR2010_15Nov10_ARK/temp mseRMod.r
2010.11.16 16:45 B D:\Research\mseR2010_15Nov10_ARK\temp\mseRopMod.r --> rem-main.rem.sfu.ca /HOME2/kronlunda/mseR2010_15Nov10_ARK/temp mseRopMod.r
2010.11.16 16:45 B D:\Research\mseR2010_15Nov10_ARK\temp\mseRperf.r --> rem-main.rem.sfu.ca /HOME2/kronlunda/mseR2010_15Nov10_ARK/temp mseRperf.r
2010.11.16 16:45 B D:\Research\mseR2010_15Nov10_ARK\temp\mseRrefPoints.r --> rem-main.rem.sfu.ca /HOME2/kronlunda/mseR2010_15Nov10_ARK/temp mseRrefPoints.r
2010.11.16 16:45 B D:\Research\mseR2010_15Nov10_ARK\temp\mseRsim.r --> rem-main.rem.sfu.ca /HOME2/kronlunda/mseR2010_15Nov10_ARK/temp mseRsim.r
2010.11.16 16:45 B D:\Research\mseR2010_15Nov10_ARK\temp\mseRview.r --> rem-main.rem.sfu.ca /HOME2/kronlunda/mseR2010_15Nov10_ARK/temp mseRview.r
2010.11.25 16:00 B D:\Research\mseR2010_25Nov10_ARK_SetB\temp\mseRabout.txt --> rem-main.rem.sfu.ca /HOME2/kronlunda/mseR2010_25Nov10_ARK_SetB/temp mseRabout.txt
2010.11.25 16:00 B D:\Research\mseR2010_25Nov10_ARK_SetB\temp\mseRgui.r --> rem-main.rem.sfu.ca /HOME2/kronlunda/mseR2010_25Nov10_ARK_SetB/temp mseRgui.r
2010.11.25 16:00 B D:\Research\mseR2010_25Nov10_ARK_SetB\temp\mseRguiModWin.txt --> rem-main.rem.sfu.ca /HOME2/kronlunda/mseR2010_25Nov10_ARK_SetB/temp mseRguiModWin.txt
2010.11.25 16:00 B D:\Research\mseR2010_25Nov10_ARK_SetB\temp\mseRguiOpModWin.txt --> rem-main.rem.sfu.ca /HOME2/kronlunda/mseR2010_25Nov10_ARK_SetB/temp mseRguiOpModWin.txt
2010.11.25 16:00 B D:\Research\mseR2010_25Nov10_ARK_SetB\temp\mseRguiPerfWin.txt --> rem-main.rem.sfu.ca /HOME2/kronlunda/mseR2010_25Nov10_ARK_SetB/temp mseRguiPerfWin.txt
2010.11.25 16:00 B D:\Research\mseR2010_25Nov10_ARK_SetB\temp\mseRguiRefWin.txt --> rem-main.rem.sfu.ca /HOME2/kronlunda/mseR2010_25Nov10_ARK_SetB/temp mseRguiRefWin.txt
2010.11.25 16:00 B D:\Research\mseR2010_25Nov10_ARK_SetB\temp\mseRguiSimWin.txt --> rem-main.rem.sfu.ca /HOME2/kronlunda/mseR2010_25Nov10_ARK_SetB/temp mseRguiSimWin.txt
2010.11.25 16:00 B D:\Research\mseR2010_25Nov10_ARK_SetB\temp\mseRguiViewWin.txt --> rem-main.rem.sfu.ca /HOME2/kronlunda/mseR2010_25Nov10_ARK_SetB/temp mseRguiViewWin.txt
2010.11.25 16:00 B D:\Research\mseR2010_25Nov10_ARK_SetB\temp\mseRguiWin.txt --> rem-main.rem.sfu.ca /HOME2/kronlunda/mseR2010_25Nov10_ARK_SetB/temp mseRguiWin.txt
2010.11.25 16:00 B D:\Research\mseR2010_25Nov10_ARK_SetB\temp\mseRMod.r --> rem-main.rem.sfu.ca /HOME2/kronlunda/mseR2010_25Nov10_ARK_SetB/temp mseRMod.r
2010.11.25 16:00 B D:\Research\mseR2010_25Nov10_ARK_SetB\temp\mseRopMod.r --> rem-main.rem.sfu.ca /HOME2/kronlunda/mseR2010_25Nov10_ARK_SetB/temp mseRopMod.r
2010.11.25 16:00 B D:\Research\mseR2010_25Nov10_ARK_SetB\temp\mseRperf.r --> rem-main.rem.sfu.ca /HOME2/kronlunda/mseR2010_25Nov10_ARK_SetB/temp mseRperf.r
2010.11.25 16:00 B D:\Research\mseR2010_25Nov10_ARK_SetB\temp\mseRrefPoints.r --> rem-main.rem.sfu.ca /HOME2/kronlunda/mseR2010_25Nov10_ARK_SetB/temp mseRrefPoints.r
2010.11.25 16:00 B D:\Research\mseR2010_25Nov10_ARK_SetB\temp\mseRsim.r --> rem-main.rem.sfu.ca /HOME2/kronlunda/mseR2010_25Nov10_ARK_SetB/temp mseRsim.r
2010.11.25 16:00 B D:\Research\mseR2010_25Nov10_ARK_SetB\temp\mseRview.r --> rem-main.rem.sfu.ca /HOME2/kronlunda/mseR2010_25Nov10_ARK_SetB/temp mseRview.r
2010.11.25 16:00 B D:\Research\mseR2010_25Nov10_ARK_SetB\temp\WS_FTP.LOG --> rem-main.rem.sfu.ca /HOME2/kronlunda/mseR2010_25Nov10_ARK_SetB/temp WS_FTP.LOG
2010.12.10 10:21 B D:\Research\mseR2010_010Dec10_SPC\temp\WS_FTP.LOG <-- SFU /HOME2/kronlunda/mseR2010_010Dec10_SPC/temp WS_FTP.LOG
