2010.08.30 16:24 B D:\Research\mseR2010_30Aug10_ARK\TastyRCode\binLen.r --> rem-main.rem.sfu.ca /HOME2/kronlunda/mseR2010_30Aug10_ARK/TastyRCode binLen.r
2010.08.30 16:24 B D:\Research\mseR2010_30Aug10_ARK\TastyRCode\cic.r --> rem-main.rem.sfu.ca /HOME2/kronlunda/mseR2010_30Aug10_ARK/TastyRCode cic.r
2010.08.30 16:24 B D:\Research\mseR2010_30Aug10_ARK\TastyRCode\io.r --> rem-main.rem.sfu.ca /HOME2/kronlunda/mseR2010_30Aug10_ARK/TastyRCode io.r
2010.08.30 16:24 B D:\Research\mseR2010_30Aug10_ARK\TastyRCode\priorPlots.r --> rem-main.rem.sfu.ca /HOME2/kronlunda/mseR2010_30Aug10_ARK/TastyRCode priorPlots.r
2010.08.30 16:24 B D:\Research\mseR2010_30Aug10_ARK\TastyRCode\testHeat.r --> rem-main.rem.sfu.ca /HOME2/kronlunda/mseR2010_30Aug10_ARK/TastyRCode testHeat.r
2010.09.16 15:53 B D:\Research\mseR2010_16Sep10_ARK\TastyRCode\binLen.r --> rem-main.rem.sfu.ca /HOME2/kronlunda/mseR2010_16Sep10_ARK/TastyRCode binLen.r
2010.09.16 15:53 B D:\Research\mseR2010_16Sep10_ARK\TastyRCode\cic.r --> rem-main.rem.sfu.ca /HOME2/kronlunda/mseR2010_16Sep10_ARK/TastyRCode cic.r
2010.09.16 15:53 B D:\Research\mseR2010_16Sep10_ARK\TastyRCode\io.r --> rem-main.rem.sfu.ca /HOME2/kronlunda/mseR2010_16Sep10_ARK/TastyRCode io.r
2010.09.16 15:53 B D:\Research\mseR2010_16Sep10_ARK\TastyRCode\priorPlots.r --> rem-main.rem.sfu.ca /HOME2/kronlunda/mseR2010_16Sep10_ARK/TastyRCode priorPlots.r
2010.09.16 15:53 B D:\Research\mseR2010_16Sep10_ARK\TastyRCode\testHeat.r --> rem-main.rem.sfu.ca /HOME2/kronlunda/mseR2010_16Sep10_ARK/TastyRCode testHeat.r
2010.09.16 15:53 B D:\Research\mseR2010_16Sep10_ARK\TastyRCode\WS_FTP.LOG --> rem-main.rem.sfu.ca /HOME2/kronlunda/mseR2010_16Sep10_ARK/TastyRCode WS_FTP.LOG
2010.11.12 14:13 B D:\Research\mseR2010_12Nov10_ARK\TastyRCode\binLen.r --> rem-main.rem.sfu.ca /HOME2/kronlunda/mseR2010_12Nov10_ARK/TastyRCode binLen.r
2010.11.12 14:13 B D:\Research\mseR2010_12Nov10_ARK\TastyRCode\cic.r --> rem-main.rem.sfu.ca /HOME2/kronlunda/mseR2010_12Nov10_ARK/TastyRCode cic.r
2010.11.12 14:13 B D:\Research\mseR2010_12Nov10_ARK\TastyRCode\io.r --> rem-main.rem.sfu.ca /HOME2/kronlunda/mseR2010_12Nov10_ARK/TastyRCode io.r
2010.11.12 14:13 B D:\Research\mseR2010_12Nov10_ARK\TastyRCode\lisReadFile.dat --> rem-main.rem.sfu.ca /HOME2/kronlunda/mseR2010_12Nov10_ARK/TastyRCode lisReadFile.dat
2010.11.12 14:13 B D:\Research\mseR2010_12Nov10_ARK\TastyRCode\priorPlots.r --> rem-main.rem.sfu.ca /HOME2/kronlunda/mseR2010_12Nov10_ARK/TastyRCode priorPlots.r
2010.11.12 14:13 B D:\Research\mseR2010_12Nov10_ARK\TastyRCode\releaseCurve.r --> rem-main.rem.sfu.ca /HOME2/kronlunda/mseR2010_12Nov10_ARK/TastyRCode releaseCurve.r
2010.11.12 14:14 B D:\Research\mseR2010_12Nov10_ARK\TastyRCode\testHeat.r --> rem-main.rem.sfu.ca /HOME2/kronlunda/mseR2010_12Nov10_ARK/TastyRCode testHeat.r
2010.11.12 14:14 B D:\Research\mseR2010_12Nov10_ARK\TastyRCode\WS_FTP.LOG --> rem-main.rem.sfu.ca /HOME2/kronlunda/mseR2010_12Nov10_ARK/TastyRCode WS_FTP.LOG
2010.11.16 16:44 B D:\Research\mseR2010_15Nov10_ARK\TastyRCode\binLen.r --> rem-main.rem.sfu.ca /HOME2/kronlunda/mseR2010_15Nov10_ARK/TastyRCode binLen.r
2010.11.16 16:44 B D:\Research\mseR2010_15Nov10_ARK\TastyRCode\cic.r --> rem-main.rem.sfu.ca /HOME2/kronlunda/mseR2010_15Nov10_ARK/TastyRCode cic.r
2010.11.16 16:44 B D:\Research\mseR2010_15Nov10_ARK\TastyRCode\io.r --> rem-main.rem.sfu.ca /HOME2/kronlunda/mseR2010_15Nov10_ARK/TastyRCode io.r
2010.11.16 16:44 B D:\Research\mseR2010_15Nov10_ARK\TastyRCode\lisReadFile.dat --> rem-main.rem.sfu.ca /HOME2/kronlunda/mseR2010_15Nov10_ARK/TastyRCode lisReadFile.dat
2010.11.16 16:44 B D:\Research\mseR2010_15Nov10_ARK\TastyRCode\priorPlots.r --> rem-main.rem.sfu.ca /HOME2/kronlunda/mseR2010_15Nov10_ARK/TastyRCode priorPlots.r
2010.11.16 16:44 B D:\Research\mseR2010_15Nov10_ARK\TastyRCode\psvRead.r --> rem-main.rem.sfu.ca /HOME2/kronlunda/mseR2010_15Nov10_ARK/TastyRCode psvRead.r
2010.11.16 16:44 B D:\Research\mseR2010_15Nov10_ARK\TastyRCode\readbin.cpp.r --> rem-main.rem.sfu.ca /HOME2/kronlunda/mseR2010_15Nov10_ARK/TastyRCode readbin.cpp.r
2010.11.16 16:44 B D:\Research\mseR2010_15Nov10_ARK\TastyRCode\releaseCurve.r --> rem-main.rem.sfu.ca /HOME2/kronlunda/mseR2010_15Nov10_ARK/TastyRCode releaseCurve.r
2010.11.16 16:44 B D:\Research\mseR2010_15Nov10_ARK\TastyRCode\testEdit.r --> rem-main.rem.sfu.ca /HOME2/kronlunda/mseR2010_15Nov10_ARK/TastyRCode testEdit.r
2010.11.16 16:44 B D:\Research\mseR2010_15Nov10_ARK\TastyRCode\testHeat.r --> rem-main.rem.sfu.ca /HOME2/kronlunda/mseR2010_15Nov10_ARK/TastyRCode testHeat.r
2010.11.25 15:59 B D:\Research\mseR2010_25Nov10_ARK_SetB\TastyRCode\binLen.r --> rem-main.rem.sfu.ca /HOME2/kronlunda/mseR2010_25Nov10_ARK_SetB/TastyRCode binLen.r
2010.11.25 15:59 B D:\Research\mseR2010_25Nov10_ARK_SetB\TastyRCode\cic.r --> rem-main.rem.sfu.ca /HOME2/kronlunda/mseR2010_25Nov10_ARK_SetB/TastyRCode cic.r
2010.11.25 15:59 B D:\Research\mseR2010_25Nov10_ARK_SetB\TastyRCode\io.r --> rem-main.rem.sfu.ca /HOME2/kronlunda/mseR2010_25Nov10_ARK_SetB/TastyRCode io.r
2010.11.25 15:59 B D:\Research\mseR2010_25Nov10_ARK_SetB\TastyRCode\lisReadFile.dat --> rem-main.rem.sfu.ca /HOME2/kronlunda/mseR2010_25Nov10_ARK_SetB/TastyRCode lisReadFile.dat
2010.11.25 15:59 B D:\Research\mseR2010_25Nov10_ARK_SetB\TastyRCode\priorPlots.r --> rem-main.rem.sfu.ca /HOME2/kronlunda/mseR2010_25Nov10_ARK_SetB/TastyRCode priorPlots.r
2010.11.25 15:59 B D:\Research\mseR2010_25Nov10_ARK_SetB\TastyRCode\psvRead.r --> rem-main.rem.sfu.ca /HOME2/kronlunda/mseR2010_25Nov10_ARK_SetB/TastyRCode psvRead.r
2010.11.25 15:59 B D:\Research\mseR2010_25Nov10_ARK_SetB\TastyRCode\readbin.cpp.r --> rem-main.rem.sfu.ca /HOME2/kronlunda/mseR2010_25Nov10_ARK_SetB/TastyRCode readbin.cpp.r
2010.11.25 15:59 B D:\Research\mseR2010_25Nov10_ARK_SetB\TastyRCode\releaseCurve.r --> rem-main.rem.sfu.ca /HOME2/kronlunda/mseR2010_25Nov10_ARK_SetB/TastyRCode releaseCurve.r
2010.11.25 15:59 B D:\Research\mseR2010_25Nov10_ARK_SetB\TastyRCode\testEdit.r --> rem-main.rem.sfu.ca /HOME2/kronlunda/mseR2010_25Nov10_ARK_SetB/TastyRCode testEdit.r
2010.11.25 15:59 B D:\Research\mseR2010_25Nov10_ARK_SetB\TastyRCode\testHeat.r --> rem-main.rem.sfu.ca /HOME2/kronlunda/mseR2010_25Nov10_ARK_SetB/TastyRCode testHeat.r
2010.11.25 15:59 B D:\Research\mseR2010_25Nov10_ARK_SetB\TastyRCode\WS_FTP.LOG --> rem-main.rem.sfu.ca /HOME2/kronlunda/mseR2010_25Nov10_ARK_SetB/TastyRCode WS_FTP.LOG
2010.12.10 10:21 B D:\Research\mseR2010_010Dec10_SPC\TastyRCode\WS_FTP.LOG <-- SFU /HOME2/kronlunda/mseR2010_010Dec10_SPC/TastyRCode WS_FTP.LOG
